2025-06-01 21:10:48,963 [INFO] Activator:176 - 


2025-06-01 21:10:48,971 [INFO] Activator:177 - !SESSION log4j initialized
2025-06-01 21:10:59,831 [INFO] LogOutputStream:77 - [STDOUT_REDIRECT] 
2025-06-01 21:11:00,692 [ERROR] ConfigurationRetriever:142 - IOException on connection: sw-center.st.com
2025-06-01 21:11:00,694 [ERROR] ConfigurationRetriever:142 - IOException on connection: sw-center.st.com
2025-06-01 21:11:00,695 [ERROR] ConfigurationRetriever:142 - IOException on connection: sw-center.st.com
2025-06-01 21:11:02,689 [INFO] ApplicationProperties:184 - Using Application install path: C:\ST\STM32CubeIDE_1.16.0\STM32CubeIDE\plugins\com.st.stm32cube.common.mx_6.12.0.202406281431
2025-06-01 21:11:02,727 [INFO] DbMcusXml:78 - Set database path to: C:\ST\STM32CubeIDE_1.16.0\STM32CubeIDE\plugins\com.st.stm32cube.common.mx_6.12.0.202406281431\\db\/mcu/
2025-06-01 21:11:02,728 [INFO] ApiDb:274 - Set plugin database path to: C:\ST\STM32CubeIDE_1.16.0\STM32CubeIDE\plugins\com.st.stm32cube.common.mx_6.12.0.202406281431\\db\/plugins/boardmanager/
2025-06-01 21:11:02,729 [WARN] ApiDb:259 - Overriding images path with different value:  => C:\ST\STM32CubeIDE_1.16.0\STM32CubeIDE\plugins\com.st.stm32cube.common.mx_6.12.0.202406281431\\db\/plugins/mcufinder/images/
2025-06-01 21:11:02,745 [INFO] ApiDb:250 - Set database path to: C:\Users\Lenovo\.stmcufinder\plugins\mcufinder//mcu/
2025-06-01 21:11:02,747 [INFO] DbMcusAds:125 - Set database path to: C:\Users\Lenovo\.stmcufinder\plugins\mcufinder//mcu/
2025-06-01 21:11:02,751 [INFO] CrossReferenceDbSqlite:203 - Set database path to: C:\Users\Lenovo\.stmcufinder\plugins\mcufinder//mcu/cs/
2025-06-01 21:11:03,077 [INFO] RulesReader:64 - Compatibility file has been processed (297 Rules)
2025-06-01 21:11:03,332 [INFO] DbMcusXml:78 - Set database path to: C:\ST\STM32CubeIDE_1.16.0\STM32CubeIDE\plugins\com.st.stm32cube.common.mx_6.12.0.202406281431\\db\/mcu/
2025-06-01 21:11:03,333 [INFO] ApiDb:274 - Set plugin database path to: C:\ST\STM32CubeIDE_1.16.0\STM32CubeIDE\plugins\com.st.stm32cube.common.mx_6.12.0.202406281431\\db\/plugins/boardmanager/
2025-06-01 21:11:03,333 [INFO] ApiDb:261 - Set plugin images path to: C:\ST\STM32CubeIDE_1.16.0\STM32CubeIDE\plugins\com.st.stm32cube.common.mx_6.12.0.202406281431\\db\/plugins/mcufinder/images/
2025-06-01 21:11:03,333 [WARN] DbFile:41 - Overriding database path with different value: C:\Users\Lenovo\.stmcufinder\plugins\mcufinder/ => C:\Users\Lenovo\.stmcufinder\plugins\mcufinder
2025-06-01 21:11:03,333 [INFO] ApiDb:250 - Set database path to: C:\Users\Lenovo\.stmcufinder\plugins\mcufinder//mcu/
2025-06-01 21:11:03,334 [WARN] DbFile:41 - Overriding database path with different value: C:\Users\Lenovo\.stmcufinder\plugins\mcufinder/ => C:\Users\Lenovo\.stmcufinder\plugins\mcufinder
2025-06-01 21:11:03,334 [INFO] DbMcusAds:125 - Set database path to: C:\Users\Lenovo\.stmcufinder\plugins\mcufinder//mcu/
2025-06-01 21:11:03,334 [WARN] DbFile:41 - Overriding database path with different value: C:\Users\Lenovo\.stmcufinder\plugins\mcufinder/ => C:\Users\Lenovo\.stmcufinder\plugins\mcufinder
2025-06-01 21:11:03,334 [WARN] DbFile:41 - Overriding database path with different value: C:\Users\Lenovo\.stmcufinder\plugins\mcufinder/ => C:\Users\Lenovo\.stmcufinder\plugins\mcufinder
2025-06-01 21:11:03,334 [INFO] CrossReferenceDbSqlite:203 - Set database path to: C:\Users\Lenovo\.stmcufinder\plugins\mcufinder//mcu/cs/
2025-06-01 21:11:03,546 [INFO] MainPanel:268 - HeapMemory: 268435456
2025-06-01 21:11:03,748 [INFO] DbMcusXml:78 - Set database path to: C:\ST\STM32CubeIDE_1.16.0\STM32CubeIDE\plugins\com.st.stm32cube.common.mx_6.12.0.202406281431\\db\/mcu/
2025-06-01 21:11:03,749 [INFO] ApiDb:274 - Set plugin database path to: C:\ST\STM32CubeIDE_1.16.0\STM32CubeIDE\plugins\com.st.stm32cube.common.mx_6.12.0.202406281431\\db\/plugins/boardmanager/
2025-06-01 21:11:03,749 [INFO] ApiDb:261 - Set plugin images path to: C:\ST\STM32CubeIDE_1.16.0\STM32CubeIDE\plugins\com.st.stm32cube.common.mx_6.12.0.202406281431\\db\/plugins/mcufinder/images/
2025-06-01 21:11:03,750 [WARN] DbFile:41 - Overriding database path with different value: C:\Users\Lenovo\.stmcufinder\plugins\mcufinder/ => C:\Users\Lenovo\.stmcufinder\plugins\mcufinder
2025-06-01 21:11:03,750 [INFO] ApiDb:250 - Set database path to: C:\Users\Lenovo\.stmcufinder\plugins\mcufinder//mcu/
2025-06-01 21:11:03,750 [WARN] DbFile:41 - Overriding database path with different value: C:\Users\Lenovo\.stmcufinder\plugins\mcufinder/ => C:\Users\Lenovo\.stmcufinder\plugins\mcufinder
2025-06-01 21:11:03,750 [INFO] DbMcusAds:125 - Set database path to: C:\Users\Lenovo\.stmcufinder\plugins\mcufinder//mcu/
2025-06-01 21:11:03,751 [WARN] DbFile:41 - Overriding database path with different value: C:\Users\Lenovo\.stmcufinder\plugins\mcufinder/ => C:\Users\Lenovo\.stmcufinder\plugins\mcufinder
2025-06-01 21:11:03,751 [WARN] DbFile:41 - Overriding database path with different value: C:\Users\Lenovo\.stmcufinder\plugins\mcufinder/ => C:\Users\Lenovo\.stmcufinder\plugins\mcufinder
2025-06-01 21:11:03,751 [INFO] CrossReferenceDbSqlite:203 - Set database path to: C:\Users\Lenovo\.stmcufinder\plugins\mcufinder//mcu/cs/
2025-06-01 21:11:03,783 [INFO] ApplicationProperties:184 - Using Application install path: C:\ST\STM32CubeIDE_1.16.0\STM32CubeIDE\plugins\com.st.stm32cube.common.mx_6.12.0.202406281431
2025-06-01 21:11:03,785 [INFO] PluginManage:196 - Search for loadable plugins [exclusion list=, ]
2025-06-01 21:11:03,788 [INFO] PluginManage:310 - Check plugin analytics
2025-06-01 21:11:04,154 [INFO] AnalyticsPlugin:253 - Accepted Software Licenses: 
2025-06-01 21:11:04,155 [INFO] AnalyticsPlugin:255 - Accepted CMSIS Pack Licenses: 
2025-06-01 21:11:04,155 [INFO] AnalyticsPlugin:257 - Accepted Firmware Licenses: FW.L4.1.18.0
2025-06-01 21:11:04,160 [ERROR] ConfigurationRetriever:142 - IOException on connection: sw-center.st.com
2025-06-01 21:11:04,161 [INFO] PluginManage:359 - Loaded plugin analytics (category:tool,tabindex:-1)
2025-06-01 21:11:04,161 [INFO] PluginManage:310 - Check plugin cadmodel
2025-06-01 21:11:04,161 [ERROR] ConfigurationRetriever:142 - IOException on connection: sw-center.st.com
2025-06-01 21:11:04,162 [ERROR] ConfigurationRetriever:142 - IOException on connection: sw-center.st.com
2025-06-01 21:11:04,173 [INFO] CADModel:105 - Init CAD model plugin
2025-06-01 21:11:04,173 [INFO] PluginManage:359 - Loaded plugin cadmodel (category:power,tabindex:5)
2025-06-01 21:11:04,173 [INFO] PluginManage:310 - Check plugin clock
2025-06-01 21:11:04,197 [INFO] PluginManage:359 - Loaded plugin clock (category:base,tabindex:2)
2025-06-01 21:11:04,198 [INFO] PluginManage:310 - Check plugin ddr
2025-06-01 21:11:04,203 [INFO] PluginManage:359 - Loaded plugin ddr (category:tool,tabindex:6)
2025-06-01 21:11:04,204 [INFO] PluginManage:310 - Check plugin filemanager
2025-06-01 21:11:04,451 [INFO] PluginManage:359 - Loaded plugin filemanager (category:base,tabindex:10)
2025-06-01 21:11:04,452 [INFO] PluginManage:310 - Check plugin ipmanager
2025-06-01 21:11:04,465 [INFO] PluginManage:359 - Loaded plugin ipmanager (category:base,tabindex:5)
2025-06-01 21:11:04,465 [INFO] PluginManage:310 - Check plugin lpbam
2025-06-01 21:11:04,478 [INFO] PluginManage:359 - Loaded plugin lpbam (category:base,tabindex:0)
2025-06-01 21:11:04,478 [INFO] PluginManage:310 - Check plugin memorymap
2025-06-01 21:11:04,520 [INFO] PluginManage:359 - Loaded plugin memorymap (category:base,tabindex:4)
2025-06-01 21:11:04,521 [INFO] PluginManage:310 - Check plugin pinoutandconfiguration
2025-06-01 21:11:04,581 [INFO] PluginManage:359 - Loaded plugin pinoutandconfiguration (category:base,tabindex:1)
2025-06-01 21:11:04,582 [INFO] PluginManage:310 - Check plugin pinoutconfig
2025-06-01 21:11:04,759 [WARN] SupportedApi:132 - Cannot load RTOS API schema: s4s-elt-must-match.1: The content of 'definitions' must match (annotation?, (simpleType | complexType)?, (unique | key | keyref)*)). A problem was found starting at: attribute.
2025-06-01 21:11:05,032 [INFO] PluginManage:359 - Loaded plugin pinoutconfig (category:base,tabindex:0)
2025-06-01 21:11:05,033 [INFO] PluginManage:310 - Check plugin power
2025-06-01 21:11:05,052 [INFO] PluginManage:359 - Loaded plugin power (category:power,tabindex:4)
2025-06-01 21:11:05,053 [INFO] PluginManage:310 - Check plugin projectmanager
2025-06-01 21:11:05,085 [INFO] PluginManage:359 - Loaded plugin projectmanager (category:projectmanager,tabindex:4)
2025-06-01 21:11:05,085 [INFO] PluginManage:310 - Check plugin rif
2025-06-01 21:11:05,097 [INFO] PluginManage:359 - Loaded plugin rif (category:base,tabindex:3)
2025-06-01 21:11:05,098 [INFO] PluginManage:310 - Check plugin thirdparty
2025-06-01 21:11:05,411 [INFO] PluginManage:359 - Loaded plugin thirdparty (category:base,tabindex:-1)
2025-06-01 21:11:05,411 [WARN] IntegrityCheckThread:84 - waiting for thirdparty lock release [integrity check]
2025-06-01 21:11:05,411 [INFO] PluginManage:310 - Check plugin tools
2025-06-01 21:11:05,412 [INFO] IntegrityCheckThread:86 - entering critical section [integrity check]
2025-06-01 21:11:05,412 [INFO] ThirdPartyUpdaterWithRetryManager:70 - Updater plugin not ready yet. [1/15]
2025-06-01 21:11:05,417 [INFO] PluginManage:359 - Loaded plugin tools (category:base,tabindex:7)
2025-06-01 21:11:05,417 [INFO] PluginManage:310 - Check plugin tutovideos
2025-06-01 21:11:05,694 [INFO] PluginManage:359 - Loaded plugin tutovideos (category:base,tabindex:-1)
2025-06-01 21:11:05,694 [INFO] PluginManage:310 - Check plugin updater
2025-06-01 21:11:05,722 [INFO] PluginManage:359 - Loaded plugin updater (category:base,tabindex:12)
2025-06-01 21:11:05,722 [INFO] PluginManage:310 - Check plugin userauth
2025-06-01 21:11:05,731 [INFO] UserAuth:113 - Init User Auth plugin
2025-06-01 21:11:05,731 [INFO] PluginManage:359 - Loaded plugin userauth (category:base,tabindex:14)
2025-06-01 21:11:05,733 [INFO] PluginManage:283 - PluginManage : Loaded plugins [18]
2025-06-01 21:11:06,130 [INFO] PinOutPanel:1561 - setPackage(No Configuration,No Configuration)
2025-06-01 21:11:06,281 [INFO] CADModel:165 - CPN selected for project level
2025-06-01 21:11:06,281 [INFO] CADModel:114 - Register for checkConnection events
2025-06-01 21:11:06,323 [INFO] IPUIPlugin:80 - create IPUIPlugin
2025-06-01 21:11:06,323 [INFO] PluginManager:220 - loadIPPluginJar : add adc
2025-06-01 21:11:06,331 [INFO] IPUIPlugin:80 - create IPUIPlugin
2025-06-01 21:11:06,332 [INFO] PluginManager:220 - loadIPPluginJar : add aes
2025-06-01 21:11:06,339 [INFO] IPUIPlugin:80 - create IPUIPlugin
2025-06-01 21:11:06,340 [INFO] PluginManager:220 - loadIPPluginJar : add can
2025-06-01 21:11:06,345 [INFO] IPUIPlugin:80 - create IPUIPlugin
2025-06-01 21:11:06,345 [INFO] PluginManager:220 - loadIPPluginJar : add comp
2025-06-01 21:11:06,353 [INFO] IPUIPlugin:80 - create IPUIPlugin
2025-06-01 21:11:06,353 [INFO] PluginManager:220 - loadIPPluginJar : add cryp
2025-06-01 21:11:06,361 [INFO] IPUIPlugin:80 - create IPUIPlugin
2025-06-01 21:11:06,361 [INFO] PluginManager:220 - loadIPPluginJar : add ddr_ctrl_phy
2025-06-01 21:11:06,368 [INFO] IPUIPlugin:80 - create IPUIPlugin
2025-06-01 21:11:06,368 [INFO] PluginManager:220 - loadIPPluginJar : add dfsdm
2025-06-01 21:11:06,380 [INFO] IPUIPlugin:80 - create IPUIPlugin
2025-06-01 21:11:06,381 [INFO] PluginManager:220 - loadIPPluginJar : add dma
2025-06-01 21:11:06,386 [INFO] IPUIPlugin:80 - create IPUIPlugin
2025-06-01 21:11:06,386 [INFO] PluginManager:220 - loadIPPluginJar : add dma3
2025-06-01 21:11:06,391 [INFO] IPUIPlugin:80 - create IPUIPlugin
2025-06-01 21:11:06,391 [INFO] PluginManager:220 - loadIPPluginJar : add extmemmanager
2025-06-01 21:11:06,394 [INFO] IPUIPlugin:80 - create IPUIPlugin
2025-06-01 21:11:06,394 [INFO] PluginManager:220 - loadIPPluginJar : add fatfs
2025-06-01 21:11:06,400 [INFO] IPUIPlugin:80 - create IPUIPlugin
2025-06-01 21:11:06,400 [INFO] PluginManager:220 - loadIPPluginJar : add fmc
2025-06-01 21:11:06,408 [INFO] IPUIPlugin:80 - create IPUIPlugin
2025-06-01 21:11:06,409 [INFO] PluginManager:220 - loadIPPluginJar : add freertos
2025-06-01 21:11:06,411 [INFO] IPUIPlugin:80 - create IPUIPlugin
2025-06-01 21:11:06,411 [INFO] PluginManager:220 - loadIPPluginJar : add genericplugin
2025-06-01 21:11:06,414 [INFO] IPUIPlugin:80 - create IPUIPlugin
2025-06-01 21:11:06,415 [INFO] PluginManager:220 - loadIPPluginJar : add gfxmmu
2025-06-01 21:11:06,420 [INFO] IPUIPlugin:80 - create IPUIPlugin
2025-06-01 21:11:06,421 [INFO] PluginManager:220 - loadIPPluginJar : add gic
2025-06-01 21:11:06,427 [INFO] IPUIPlugin:80 - create IPUIPlugin
2025-06-01 21:11:06,427 [INFO] PluginManager:220 - loadIPPluginJar : add gpio
2025-06-01 21:11:06,433 [INFO] IPUIPlugin:80 - create IPUIPlugin
2025-06-01 21:11:06,433 [INFO] PluginManager:220 - loadIPPluginJar : add gtzc
2025-06-01 21:11:06,438 [INFO] IPUIPlugin:80 - create IPUIPlugin
2025-06-01 21:11:06,438 [INFO] PluginManager:220 - loadIPPluginJar : add hash
2025-06-01 21:11:06,445 [INFO] IPUIPlugin:80 - create IPUIPlugin
2025-06-01 21:11:06,445 [INFO] PluginManager:220 - loadIPPluginJar : add i2c
2025-06-01 21:11:06,452 [INFO] IPUIPlugin:80 - create IPUIPlugin
2025-06-01 21:11:06,453 [INFO] PluginManager:220 - loadIPPluginJar : add i2s
2025-06-01 21:11:06,474 [INFO] IPUIPlugin:80 - create IPUIPlugin
2025-06-01 21:11:06,474 [INFO] PluginManager:220 - loadIPPluginJar : add i3c
2025-06-01 21:11:06,479 [INFO] IPUIPlugin:80 - create IPUIPlugin
2025-06-01 21:11:06,480 [INFO] PluginManager:220 - loadIPPluginJar : add ipddr
2025-06-01 21:11:06,491 [INFO] IPUIPlugin:80 - create IPUIPlugin
2025-06-01 21:11:06,491 [INFO] PluginManager:220 - loadIPPluginJar : add linkedlist
2025-06-01 21:11:06,495 [INFO] IPUIPlugin:80 - create IPUIPlugin
2025-06-01 21:11:06,495 [INFO] PluginManager:220 - loadIPPluginJar : add lorawan
2025-06-01 21:11:06,498 [INFO] IPUIPlugin:80 - create IPUIPlugin
2025-06-01 21:11:06,498 [INFO] PluginManager:220 - loadIPPluginJar : add ltdc
2025-06-01 21:11:06,508 [INFO] IPUIPlugin:80 - create IPUIPlugin
2025-06-01 21:11:06,508 [INFO] PluginManager:220 - loadIPPluginJar : add mdma
2025-06-01 21:11:06,516 [INFO] IPUIPlugin:80 - create IPUIPlugin
2025-06-01 21:11:06,517 [INFO] PluginManager:220 - loadIPPluginJar : add nvic
2025-06-01 21:11:06,522 [INFO] IPUIPlugin:80 - create IPUIPlugin
2025-06-01 21:11:06,522 [INFO] PluginManager:220 - loadIPPluginJar : add opamp
2025-06-01 21:11:06,527 [INFO] IPUIPlugin:80 - create IPUIPlugin
2025-06-01 21:11:06,527 [INFO] PluginManager:220 - loadIPPluginJar : add openamp
2025-06-01 21:11:06,532 [INFO] IPUIPlugin:80 - create IPUIPlugin
2025-06-01 21:11:06,532 [INFO] PluginManager:220 - loadIPPluginJar : add pdm2pcm
2025-06-01 21:11:06,541 [INFO] IPUIPlugin:80 - create IPUIPlugin
2025-06-01 21:11:06,545 [INFO] PluginManager:220 - loadIPPluginJar : add plateformsettings
2025-06-01 21:11:06,547 [INFO] IPUIPlugin:80 - create IPUIPlugin
2025-06-01 21:11:06,547 [INFO] PluginManager:220 - loadIPPluginJar : add quadspi
2025-06-01 21:11:06,550 [INFO] IPUIPlugin:80 - create IPUIPlugin
2025-06-01 21:11:06,551 [INFO] PluginManager:220 - loadIPPluginJar : add radio
2025-06-01 21:11:06,557 [INFO] IPUIPlugin:80 - create IPUIPlugin
2025-06-01 21:11:06,557 [INFO] PluginManager:220 - loadIPPluginJar : add resmgrutility
2025-06-01 21:11:06,561 [INFO] IPUIPlugin:80 - create IPUIPlugin
2025-06-01 21:11:06,561 [INFO] PluginManager:220 - loadIPPluginJar : add sai
2025-06-01 21:11:06,565 [INFO] IPUIPlugin:80 - create IPUIPlugin
2025-06-01 21:11:06,566 [INFO] PluginManager:220 - loadIPPluginJar : add spi
2025-06-01 21:11:06,573 [INFO] IPUIPlugin:80 - create IPUIPlugin
2025-06-01 21:11:06,573 [INFO] PluginManager:220 - loadIPPluginJar : add stm32_wpan
2025-06-01 21:11:06,576 [INFO] IPUIPlugin:80 - create IPUIPlugin
2025-06-01 21:11:06,576 [INFO] PluginManager:220 - loadIPPluginJar : add tim
2025-06-01 21:11:06,581 [INFO] IPUIPlugin:80 - create IPUIPlugin
2025-06-01 21:11:06,581 [INFO] PluginManager:220 - loadIPPluginJar : add touchsensing
2025-06-01 21:11:06,585 [INFO] IPUIPlugin:80 - create IPUIPlugin
2025-06-01 21:11:06,585 [INFO] PluginManager:220 - loadIPPluginJar : add tracer_emb
2025-06-01 21:11:06,589 [INFO] IPUIPlugin:80 - create IPUIPlugin
2025-06-01 21:11:06,589 [INFO] PluginManager:220 - loadIPPluginJar : add ts
2025-06-01 21:11:06,592 [INFO] IPUIPlugin:80 - create IPUIPlugin
2025-06-01 21:11:06,592 [INFO] PluginManager:220 - loadIPPluginJar : add tsc
2025-06-01 21:11:06,595 [INFO] IPUIPlugin:80 - create IPUIPlugin
2025-06-01 21:11:06,596 [INFO] PluginManager:220 - loadIPPluginJar : add ucpd
2025-06-01 21:11:06,600 [INFO] IPUIPlugin:80 - create IPUIPlugin
2025-06-01 21:11:06,600 [INFO] PluginManager:220 - loadIPPluginJar : add usart
2025-06-01 21:11:06,604 [INFO] IPUIPlugin:80 - create IPUIPlugin
2025-06-01 21:11:06,604 [INFO] PluginManager:220 - loadIPPluginJar : add usbx
2025-06-01 21:11:06,766 [INFO] CADModel:165 - CPN selected for project level
2025-06-01 21:11:06,767 [INFO] CADModel:114 - Register for checkConnection events
2025-06-01 21:11:06,767 [FATAL] Updater:334 - Updater called before beeing initialized
2025-06-01 21:11:06,767 [ERROR] CADModel:125 - Updater not yet initialized, retry later 
2025-06-01 21:11:06,970 [INFO] CADModel:165 - CPN selected for project level
2025-06-01 21:11:06,971 [INFO] CADModel:114 - Register for checkConnection events
2025-06-01 21:11:06,971 [FATAL] Updater:334 - Updater called before beeing initialized
2025-06-01 21:11:06,971 [ERROR] CADModel:125 - Updater not yet initialized, retry later 
2025-06-01 21:11:06,975 [FATAL] Updater:334 - Updater called before beeing initialized
2025-06-01 21:11:07,173 [FATAL] Updater:334 - Updater called before beeing initialized
2025-06-01 21:11:07,181 [INFO] DbMcusAds:53 - JSON generation date=Wed May 07 11:07:55 CEST 2025 (1746608875638)
2025-06-01 21:11:07,181 [FATAL] Updater:334 - Updater called before beeing initialized
2025-06-01 21:11:07,253 [WARN] DetailPanel:346 - Failed to get advertising image, set to default
2025-06-01 21:11:07,441 [FATAL] Updater:334 - Updater called before beeing initialized
2025-06-01 21:11:07,444 [FATAL] Updater:334 - Updater called before beeing initialized
2025-06-01 21:11:07,444 [FATAL] Updater:334 - Updater called before beeing initialized
2025-06-01 21:11:07,445 [WARN] DetailPanel:346 - Failed to get advertising image, set to default
2025-06-01 21:11:07,446 [FATAL] Updater:334 - Updater called before beeing initialized
2025-06-01 21:11:07,576 [ERROR] Updater:1164 - MainUpdater not yet initialized. External WinMGr cannot be set.
2025-06-01 21:11:07,580 [INFO] Updater:1100 - Updater Version found : 6.12.0
2025-06-01 21:11:07,616 [INFO] ApplicationProperties:184 - Using Application install path: C:\ST\STM32CubeIDE_1.16.0\STM32CubeIDE\plugins\com.st.stm32cube.common.mx_6.12.0.202406281431
2025-06-01 21:11:08,413 [INFO] ThirdPartyUpdaterWithRetryManager:70 - Updater plugin not ready yet. [2/15]
2025-06-01 21:11:09,211 [ERROR] LogOutputStream:75 - [STDERR_REDIRECT] Jun 01, 2025 9:11:09 PM java.util.prefs.WindowsPreferences <init>
2025-06-01 21:11:09,217 [ERROR] LogOutputStream:75 - [STDERR_REDIRECT] WARNING: Could not open/create prefs root node Software\JavaSoft\Prefs at root 0xffffffff80000002. Windows RegCreateKeyEx(...) returned error code 5.
2025-06-01 21:11:09,218 [ERROR] LogOutputStream:75 - [STDERR_REDIRECT] 
2025-06-01 21:11:09,550 [INFO] MainUpdater:2873 - connection check result : 22
2025-06-01 21:11:09,550 [INFO] MainUpdater:290 - Updater Check For Update Now.
2025-06-01 21:11:09,551 [INFO] MicroXplorer:498 - Change Database Version : DB.6.0.120
2025-06-01 21:11:09,558 [INFO] McuFinderGlobals:63 - Set McuFinder mode to 2 (CubeIDE integrated)
2025-06-01 21:11:09,560 [INFO] UserAuth:417 - Internet connection configuration mode: 2
2025-06-01 21:11:09,601 [INFO] UserAuth:417 - Internet connection configuration mode: 2
2025-06-01 21:11:09,861 [INFO] CheckServerUpdateThread:120 - End of CheckServer Thread
2025-06-01 21:11:12,100 [WARN] PackLoader:240 - Cannot read IP mode file for STMicroelectronics.FP-SNS-MOTENVWB1.1.4.0
2025-06-01 21:11:12,122 [WARN] PackLoader:240 - Cannot read IP mode file for STMicroelectronics.FP-ATR-ASTRA1.2.0.2
2025-06-01 21:11:12,145 [WARN] PackLoader:240 - Cannot read IP mode file for STMicroelectronics.X-CUBE-SMBUS.2.1.0
2025-06-01 21:11:12,164 [WARN] PackLoader:240 - Cannot read IP mode file for STMicroelectronics.X-CUBE-WB05N.1.1.0
2025-06-01 21:11:12,260 [WARN] PackLoader:240 - Cannot read IP mode file for STMicroelectronics.X-CUBE-AZRTOS-F7.1.1.0
2025-06-01 21:11:12,345 [WARN] PackLoader:240 - Cannot read IP mode file for Infineon.AIROC-Wi-Fi-Bluetooth-STM32.1.7.0
2025-06-01 21:11:12,383 [WARN] PackLoader:240 - Cannot read IP mode file for STMicroelectronics.X-CUBE-DISPLAY.3.0.0
2025-06-01 21:11:12,438 [WARN] PackLoader:240 - Cannot read IP mode file for STMicroelectronics.X-CUBE-NFC10.1.0.0
2025-06-01 21:11:12,467 [WARN] PackLoader:240 - Cannot read IP mode file for STMicroelectronics.X-CUBE-BLEMGR.4.0.0
2025-06-01 21:11:12,490 [WARN] PackLoader:240 - Cannot read IP mode file for emotas.I-CUBE-CANOPEN.1.3.0
2025-06-01 21:11:12,503 [WARN] ConditionMgr:438 - getConditionDescription Invalid condition id : Cortex-A Device cause : null
2025-06-01 21:11:12,529 [WARN] ConditionMgr:1039 - genDependencies : Invalid condition id : Cortex-A Device cause : null
2025-06-01 21:11:12,530 [WARN] ConditionMgr:1039 - genDependencies : Invalid condition id : Cortex-A Device cause : null
2025-06-01 21:11:12,530 [WARN] ConditionMgr:1039 - genDependencies : Invalid condition id : Cortex-A Device cause : null
2025-06-01 21:11:12,542 [WARN] PackLoader:240 - Cannot read IP mode file for STMicroelectronics.X-CUBE-AI.10.0.0
2025-06-01 21:11:12,554 [WARN] PackLoader:240 - Cannot read IP mode file for STMicroelectronics.FP-SNS-SMARTAG2.1.2.0
2025-06-01 21:11:12,564 [ERROR] Engine:466 - C:\Users\Lenovo\.stm32cubemx\thirdparties\pdsc\STMicroelectronics.FP-SNS-FLIGHT1.5.1.0.pdsc: PDSC version is not supported
2025-06-01 21:11:12,682 [WARN] PackLoader:240 - Cannot read IP mode file for STMicroelectronics.X-CUBE-MEMS1.11.1.0
2025-06-01 21:11:13,035 [INFO] LogOutputStream:77 - [STDOUT_REDIRECT] 1 : Invalid condition id : UX_CORESTACK_Condition cause : null
2025-06-01 21:11:13,037 [INFO] LogOutputStream:77 - [STDOUT_REDIRECT] 1 : Invalid condition id : UX_CORESTACK_Condition cause : null
2025-06-01 21:11:13,042 [INFO] LogOutputStream:77 - [STDOUT_REDIRECT] 1 : Invalid condition id : UX_CORESTACK_Condition cause : null
2025-06-01 21:11:13,045 [INFO] LogOutputStream:77 - [STDOUT_REDIRECT] 1 : Invalid condition id : UX_CORESTACK_Condition cause : null
2025-06-01 21:11:13,048 [INFO] LogOutputStream:77 - [STDOUT_REDIRECT] 1 : Invalid condition id : UX_CORESTACK_Condition cause : null
2025-06-01 21:11:13,057 [WARN] PackLoader:240 - Cannot read IP mode file for STMicroelectronics.X-CUBE-AZRTOS-WL.2.0.0
2025-06-01 21:11:13,071 [WARN] PackLoader:240 - Cannot read IP mode file for STMicroelectronics.FP-SNS-MOTENV1.5.0.0
2025-06-01 21:11:13,093 [WARN] PackLoader:240 - Cannot read IP mode file for WES.I-CUBE-Cesium.1.3.0
2025-06-01 21:11:13,105 [WARN] PackLoader:240 - Cannot read IP mode file for STMicroelectronics.X-CUBE-BLE2.3.3.0
2025-06-01 21:11:13,121 [WARN] PackLoader:240 - Cannot read IP mode file for STMicroelectronics.X-CUBE-NFC9.1.0.0
2025-06-01 21:11:13,138 [WARN] PackLoader:240 - Cannot read IP mode file for STMicroelectronics.X-CUBE-BLE1.7.1.0
2025-06-01 21:11:13,176 [WARN] PackLoader:240 - Cannot read IP mode file for wolfSSL.I-CUBE-wolfMQTT.1.19.2
2025-06-01 21:11:13,311 [WARN] PackLoader:240 - Cannot read IP mode file for STMicroelectronics.X-CUBE-MEMS1.11.2.0
2025-06-01 21:11:13,667 [WARN] PackLoader:240 - Cannot read IP mode file for STMicroelectronics.X-CUBE-AZRTOS-G0.1.1.0
2025-06-01 21:11:13,682 [WARN] PackLoader:240 - Cannot read IP mode file for STMicroelectronics.X-CUBE-SAFEA1.1.2.2
2025-06-01 21:11:13,697 [WARN] PackLoader:240 - Cannot read IP mode file for STMicroelectronics.X-CUBE-NFC4.3.0.0
2025-06-01 21:11:13,720 [WARN] PackLoader:240 - Cannot read IP mode file for EmbeddedOffice.I-CUBE-FS-RTOS.1.0.1
2025-06-01 21:11:13,721 [ERROR] ConditionMgr:805 - Attr not supported : Dmpu
2025-06-01 21:11:13,721 [ERROR] ConditionMgr:805 - Attr not supported : Dmpu
2025-06-01 21:11:13,721 [ERROR] ConditionMgr:805 - Attr not supported : Dmpu
2025-06-01 21:11:13,722 [ERROR] ConditionMgr:805 - Attr not supported : Dmpu
2025-06-01 21:11:13,722 [ERROR] ConditionMgr:805 - Attr not supported : Dmpu
2025-06-01 21:11:13,722 [ERROR] ConditionMgr:805 - Attr not supported : Dmpu
2025-06-01 21:11:13,722 [ERROR] ConditionMgr:805 - Attr not supported : Dmpu
2025-06-01 21:11:13,723 [ERROR] ConditionMgr:805 - Attr not supported : Dmpu
2025-06-01 21:11:13,724 [ERROR] ConditionMgr:805 - Attr not supported : Dmpu
2025-06-01 21:11:13,724 [ERROR] ConditionMgr:805 - Attr not supported : Dmpu
2025-06-01 21:11:13,724 [ERROR] ConditionMgr:805 - Attr not supported : Dmpu
2025-06-01 21:11:13,724 [ERROR] ConditionMgr:805 - Attr not supported : Dmpu
2025-06-01 21:11:13,724 [ERROR] ConditionMgr:805 - Attr not supported : Dmpu
2025-06-01 21:11:13,725 [ERROR] ConditionMgr:805 - Attr not supported : Dmpu
2025-06-01 21:11:13,725 [ERROR] ConditionMgr:805 - Attr not supported : Dmpu
2025-06-01 21:11:13,725 [ERROR] ConditionMgr:805 - Attr not supported : Dmpu
2025-06-01 21:11:13,725 [ERROR] ConditionMgr:805 - Attr not supported : Dmpu
2025-06-01 21:11:13,725 [ERROR] ConditionMgr:805 - Attr not supported : Dmpu
2025-06-01 21:11:13,725 [ERROR] ConditionMgr:805 - Attr not supported : Dmpu
2025-06-01 21:11:13,725 [ERROR] ConditionMgr:805 - Attr not supported : Dmpu
2025-06-01 21:11:13,726 [ERROR] ConditionMgr:805 - Attr not supported : Dmpu
2025-06-01 21:11:13,726 [ERROR] ConditionMgr:805 - Attr not supported : Dmpu
2025-06-01 21:11:13,726 [ERROR] ConditionMgr:805 - Attr not supported : Dmpu
2025-06-01 21:11:13,726 [ERROR] ConditionMgr:805 - Attr not supported : Dmpu
2025-06-01 21:11:13,726 [ERROR] ConditionMgr:805 - Attr not supported : Dmpu
2025-06-01 21:11:13,726 [ERROR] ConditionMgr:805 - Attr not supported : Dmpu
2025-06-01 21:11:13,727 [ERROR] ConditionMgr:805 - Attr not supported : Dmpu
2025-06-01 21:11:13,727 [ERROR] ConditionMgr:805 - Attr not supported : Dmpu
2025-06-01 21:11:13,727 [ERROR] ConditionMgr:805 - Attr not supported : Dmpu
2025-06-01 21:11:13,727 [ERROR] ConditionMgr:805 - Attr not supported : Dmpu
2025-06-01 21:11:13,727 [ERROR] ConditionMgr:805 - Attr not supported : Dmpu
2025-06-01 21:11:13,727 [ERROR] ConditionMgr:805 - Attr not supported : Dmpu
2025-06-01 21:11:13,727 [ERROR] ConditionMgr:805 - Attr not supported : Dmpu
2025-06-01 21:11:13,727 [ERROR] ConditionMgr:805 - Attr not supported : Dmpu
2025-06-01 21:11:13,727 [ERROR] ConditionMgr:805 - Attr not supported : Dmpu
2025-06-01 21:11:13,728 [ERROR] ConditionMgr:805 - Attr not supported : Dmpu
2025-06-01 21:11:13,728 [ERROR] ConditionMgr:805 - Attr not supported : Dmpu
2025-06-01 21:11:13,728 [ERROR] ConditionMgr:805 - Attr not supported : Dmpu
2025-06-01 21:11:13,728 [ERROR] ConditionMgr:805 - Attr not supported : Dmpu
2025-06-01 21:11:13,728 [ERROR] ConditionMgr:805 - Attr not supported : Dmpu
2025-06-01 21:11:13,728 [ERROR] ConditionMgr:805 - Attr not supported : Dmpu
2025-06-01 21:11:13,729 [ERROR] ConditionMgr:805 - Attr not supported : Dmpu
2025-06-01 21:11:13,729 [ERROR] ConditionMgr:805 - Attr not supported : Dmpu
2025-06-01 21:11:13,729 [ERROR] ConditionMgr:805 - Attr not supported : Dmpu
2025-06-01 21:11:13,729 [ERROR] ConditionMgr:805 - Attr not supported : Dmpu
2025-06-01 21:11:13,729 [ERROR] ConditionMgr:805 - Attr not supported : Dmpu
2025-06-01 21:11:13,729 [ERROR] ConditionMgr:805 - Attr not supported : Dmpu
2025-06-01 21:11:13,729 [ERROR] ConditionMgr:805 - Attr not supported : Dmpu
2025-06-01 21:11:13,729 [ERROR] ConditionMgr:805 - Attr not supported : Dmpu
2025-06-01 21:11:13,730 [ERROR] ConditionMgr:805 - Attr not supported : Dmpu
2025-06-01 21:11:13,730 [ERROR] ConditionMgr:805 - Attr not supported : Dmpu
2025-06-01 21:11:13,730 [ERROR] ConditionMgr:805 - Attr not supported : Dmpu
2025-06-01 21:11:13,730 [ERROR] ConditionMgr:805 - Attr not supported : Dmpu
2025-06-01 21:11:13,730 [ERROR] ConditionMgr:805 - Attr not supported : Dmpu
2025-06-01 21:11:13,730 [ERROR] ConditionMgr:805 - Attr not supported : Dmpu
2025-06-01 21:11:13,730 [ERROR] ConditionMgr:805 - Attr not supported : Dmpu
2025-06-01 21:11:13,731 [ERROR] ConditionMgr:805 - Attr not supported : Dmpu
2025-06-01 21:11:13,731 [ERROR] ConditionMgr:805 - Attr not supported : Dmpu
2025-06-01 21:11:13,731 [ERROR] ConditionMgr:805 - Attr not supported : Dmpu
2025-06-01 21:11:13,731 [ERROR] ConditionMgr:805 - Attr not supported : Dmpu
2025-06-01 21:11:13,731 [ERROR] ConditionMgr:805 - Attr not supported : Dmpu
2025-06-01 21:11:13,731 [ERROR] ConditionMgr:805 - Attr not supported : Dmpu
2025-06-01 21:11:13,731 [ERROR] ConditionMgr:805 - Attr not supported : Dmpu
2025-06-01 21:11:13,732 [ERROR] ConditionMgr:805 - Attr not supported : Dmpu
2025-06-01 21:11:13,741 [WARN] PackLoader:240 - Cannot read IP mode file for STMicroelectronics.X-CUBE-WB05N.2.0.0
2025-06-01 21:11:13,751 [WARN] PackLoader:240 - Cannot read IP mode file for wolfSSL.I-CUBE-wolfTPM.3.8.0
2025-06-01 21:11:13,758 [ERROR] Engine:466 - C:\Users\Lenovo\.stm32cubemx\thirdparties\pdsc\STMicroelectronics.X-CUBE-TCPP.4.2.0.pdsc: PDSC version is not supported
2025-06-01 21:11:13,769 [WARN] PackLoader:240 - Cannot read IP mode file for RealThread.X-CUBE-RT-Thread_Nano.4.1.1
2025-06-01 21:11:13,780 [WARN] PackLoader:240 - Cannot read IP mode file for STMicroelectronics.FP-ATR-SIGFOX1.3.2.0
2025-06-01 21:11:13,794 [WARN] PackLoader:240 - Cannot read IP mode file for STMicroelectronics.X-CUBE-EEPRMA1.5.1.0
2025-06-01 21:11:13,806 [WARN] PackLoader:240 - Cannot read IP mode file for wolfSSL.I-CUBE-wolfSSL.5.7.6
2025-06-01 21:11:13,819 [WARN] PackLoader:240 - Cannot read IP mode file for ITTIA_DB.I-CUBE-ITTIADB.8.9.0
2025-06-01 21:11:13,876 [WARN] PackLoader:240 - Cannot read IP mode file for SEGGER.I-CUBE-embOS.1.3.1
2025-06-01 21:11:14,035 [WARN] PackLoader:240 - Cannot read IP mode file for STMicroelectronics.X-CUBE-ALGOBUILD.1.4.0
2025-06-01 21:11:14,082 [WARN] PackLoader:240 - Cannot read IP mode file for STMicroelectronics.X-CUBE-AZRTOS-F4.1.1.0
2025-06-01 21:11:14,094 [ERROR] Engine:466 - C:\Users\Lenovo\.stm32cubemx\thirdparties\pdsc\Avnet-IotConnect.X-CUBE-IoTC-DA16k-PMOD.1.0.0.pdsc: PDSC version is not supported
2025-06-01 21:11:14,105 [WARN] PackLoader:240 - Cannot read IP mode file for STMicroelectronics.X-CUBE-ISPU.2.1.0
2025-06-01 21:11:14,173 [WARN] PackLoader:240 - Cannot read IP mode file for STMicroelectronics.X-CUBE-AZRTOS-L5.2.0.0
2025-06-01 21:11:14,208 [WARN] PackLoader:240 - Cannot read IP mode file for STMicroelectronics.X-CUBE-NFC6.3.1.0
2025-06-01 21:11:14,243 [WARN] PackLoader:240 - Cannot read IP mode file for STMicroelectronics.X-CUBE-FREERTOS.1.3.1
2025-06-01 21:11:14,266 [WARN] PackLoader:240 - Cannot read IP mode file for STMicroelectronics.X-CUBE-FREERTOS.1.3.0
2025-06-01 21:11:14,276 [WARN] PackLoader:240 - Cannot read IP mode file for STMicroelectronics.X-CUBE-NFC7.1.0.1
2025-06-01 21:11:14,291 [WARN] PackLoader:240 - Cannot read IP mode file for STMicroelectronics.X-CUBE-DPower.1.3.0
2025-06-01 21:11:14,357 [WARN] ConditionMgr:438 - getConditionDescription Invalid condition id : LAN8742 Phy interface Condition cause : null
2025-06-01 21:11:14,359 [WARN] PackLoader:240 - Cannot read IP mode file for STMicroelectronics.X-CUBE-AZRTOS-L4.2.0.0
2025-06-01 21:11:14,362 [WARN] ConditionMgr:1039 - genDependencies : Invalid condition id : LAN8742 Phy interface Condition cause : null
2025-06-01 21:11:14,363 [WARN] ConditionMgr:1039 - genDependencies : Invalid condition id : LAN8742 Phy interface Condition cause : null
2025-06-01 21:11:14,365 [WARN] ConditionMgr:1039 - genDependencies : Invalid condition id : LAN8742 Phy interface Condition cause : null
2025-06-01 21:11:14,381 [WARN] PackLoader:240 - Cannot read IP mode file for STMicroelectronics.X-CUBE-SFXS2LP1.4.0.0
2025-06-01 21:11:14,436 [WARN] PackLoader:240 - Cannot read IP mode file for STMicroelectronics.X-CUBE-AZRTOS-H7.3.3.0
2025-06-01 21:11:14,483 [WARN] ConditionMgr:438 - getConditionDescription Invalid condition id : UX DEVICE CLASS RTOS Condition cause : null
2025-06-01 21:11:14,484 [WARN] ConditionMgr:438 - getConditionDescription Invalid condition id : UX DEVICE CLASS RTOS Condition cause : null
2025-06-01 21:11:14,491 [WARN] PackLoader:240 - Cannot read IP mode file for STMicroelectronics.X-CUBE-AZRTOS-WB.2.0.0
2025-06-01 21:11:14,492 [WARN] ConditionMgr:1039 - genDependencies : Invalid condition id : UX DEVICE CLASS RTOS Condition cause : null
2025-06-01 21:11:14,493 [WARN] ConditionMgr:1039 - genDependencies : Invalid condition id : UX DEVICE CLASS RTOS Condition cause : null
2025-06-01 21:11:14,494 [WARN] ConditionMgr:1039 - genDependencies : Invalid condition id : UX DEVICE CLASS RTOS Condition cause : null
2025-06-01 21:11:14,495 [WARN] ConditionMgr:1039 - genDependencies : Invalid condition id : UX DEVICE CLASS RTOS Condition cause : null
2025-06-01 21:11:14,495 [WARN] ConditionMgr:1039 - genDependencies : Invalid condition id : UX DEVICE CLASS RTOS Condition cause : null
2025-06-01 21:11:14,513 [WARN] PackLoader:240 - Cannot read IP mode file for STMicroelectronics.X-CUBE-GNSS1.7.0.1
2025-06-01 21:11:14,526 [WARN] PackLoader:240 - Cannot read IP mode file for STMicroelectronics.X-CUBE-TOUCHGFX.4.25.0
2025-06-01 21:11:14,541 [WARN] PackLoader:240 - Cannot read IP mode file for STMicroelectronics.FP-SNS-STBOX1.2.0.0
2025-06-01 21:11:14,583 [WARN] PackLoader:240 - Cannot read IP mode file for STMicroelectronics.X-CUBE-SUBG2.5.0.0
2025-06-01 21:11:14,639 [WARN] PackLoader:240 - Cannot read IP mode file for STMicroelectronics.X-CUBE-AZRTOS-H7RS.1.1.0
2025-06-01 21:11:14,653 [WARN] PackLoader:240 - Cannot read IP mode file for Cesanta.I-CUBE-Mongoose.7.13.0
2025-06-01 21:11:14,678 [WARN] PackLoader:240 - Cannot read IP mode file for STMicroelectronics.X-CUBE-AZRTOS-G4.2.0.0
2025-06-01 21:11:14,689 [WARN] PackLoader:240 - Cannot read IP mode file for wolfSSL.I-CUBE-wolfSSH.1.4.20
2025-06-01 21:11:14,700 [WARN] PackLoader:240 - Cannot read IP mode file for STMicroelectronics.X-CUBE-NFC7.2.0.0
2025-06-01 21:11:14,712 [ERROR] Engine:466 - C:\Users\Lenovo\.stm32cubemx\thirdparties\pdsc\STMicroelectronics.X-CUBE-IPS.3.1.0.pdsc: PDSC version is not supported
2025-06-01 21:11:14,722 [WARN] PackLoader:240 - Cannot read IP mode file for STMicroelectronics.X-CUBE-ALS.1.0.2
2025-06-01 21:11:14,736 [WARN] PackLoader:240 - Cannot read IP mode file for portGmbH.I-Cube-SoM-uGOAL.1.1.0
2025-06-01 21:11:14,765 [WARN] PackLoader:240 - Cannot read IP mode file for STMicroelectronics.X-CUBE-TOF1.3.4.2
2025-06-01 21:11:14,812 [ERROR] Engine:466 - C:\Users\Lenovo\.stm32cubemx\thirdparties\pdsc\STMicroelectronics.X-CUBE-TOF1.3.4.3.pdsc: PDSC version is not supported
2025-06-01 21:11:14,813 [INFO] ThirdParty:978 - Integrity check success = true
2025-06-01 21:11:14,814 [INFO] IntegrityCheckThread:100 - exiting critical section [integrity check]
2025-06-01 21:11:14,814 [INFO] IntegrityCheckThread:103 - End integrity checks thread
2025-06-01 21:59:49,164 [ERROR] ConfigurationRetriever:142 - IOException on connection: sw-center.st.com
2025-06-01 21:59:49,165 [ERROR] ConfigurationRetriever:142 - IOException on connection: sw-center.st.com
2025-06-01 21:59:49,165 [ERROR] ConfigurationRetriever:142 - IOException on connection: sw-center.st.com
2025-06-01 21:59:50,190 [ERROR] LogOutputStream:75 - [STDERR_REDIRECT] 
