2025-06-12 17:44:44,832 [INFO] Activator:176 - 


2025-06-12 17:44:44,838 [INFO] Activator:177 - !SESSION log4j initialized
2025-06-12 17:44:51,732 [INFO] LogOutputStream:77 - [STDOUT_REDIRECT] 
2025-06-12 17:44:58,743 [INFO] ApplicationProperties:184 - Using Application install path: C:\ST\STM32CubeIDE_1.17.0\STM32CubeIDE\plugins\com.st.stm32cube.common.mx_6.13.0.202411220809
2025-06-12 17:44:58,801 [INFO] DbMcusXml:78 - Set database path to: C:\ST\STM32CubeIDE_1.17.0\STM32CubeIDE\plugins\com.st.stm32cube.common.mx_6.13.0.202411220809\\db\/mcu/
2025-06-12 17:44:58,802 [INFO] ApiDb:274 - Set plugin database path to: C:\ST\STM32CubeIDE_1.17.0\STM32CubeIDE\plugins\com.st.stm32cube.common.mx_6.13.0.202411220809\\db\/plugins/boardmanager/
2025-06-12 17:44:58,803 [WARN] ApiDb:259 - Overriding images path with different value:  => C:\ST\STM32CubeIDE_1.17.0\STM32CubeIDE\plugins\com.st.stm32cube.common.mx_6.13.0.202411220809\\db\/plugins/mcufinder/images/
2025-06-12 17:44:58,832 [INFO] ApiDb:250 - Set database path to: C:\Users\lahce\.stmcufinder\plugins\mcufinder//mcu/
2025-06-12 17:44:58,834 [INFO] DbMcusAds:125 - Set database path to: C:\Users\lahce\.stmcufinder\plugins\mcufinder//mcu/
2025-06-12 17:44:58,841 [INFO] CrossReferenceDbSqlite:203 - Set database path to: C:\Users\lahce\.stmcufinder\plugins\mcufinder//mcu/cs/
2025-06-12 17:44:59,223 [INFO] RulesReader:64 - Compatibility file has been processed (297 Rules)
2025-06-12 17:44:59,508 [INFO] DbMcusXml:78 - Set database path to: C:\ST\STM32CubeIDE_1.17.0\STM32CubeIDE\plugins\com.st.stm32cube.common.mx_6.13.0.202411220809\\db\/mcu/
2025-06-12 17:44:59,510 [INFO] ApiDb:274 - Set plugin database path to: C:\ST\STM32CubeIDE_1.17.0\STM32CubeIDE\plugins\com.st.stm32cube.common.mx_6.13.0.202411220809\\db\/plugins/boardmanager/
2025-06-12 17:44:59,510 [INFO] ApiDb:261 - Set plugin images path to: C:\ST\STM32CubeIDE_1.17.0\STM32CubeIDE\plugins\com.st.stm32cube.common.mx_6.13.0.202411220809\\db\/plugins/mcufinder/images/
2025-06-12 17:44:59,511 [WARN] DbFile:41 - Overriding database path with different value: C:\Users\lahce\.stmcufinder\plugins\mcufinder/ => C:\Users\lahce\.stmcufinder\plugins\mcufinder
2025-06-12 17:44:59,511 [INFO] ApiDb:250 - Set database path to: C:\Users\lahce\.stmcufinder\plugins\mcufinder//mcu/
2025-06-12 17:44:59,512 [WARN] DbFile:41 - Overriding database path with different value: C:\Users\lahce\.stmcufinder\plugins\mcufinder/ => C:\Users\lahce\.stmcufinder\plugins\mcufinder
2025-06-12 17:44:59,512 [INFO] DbMcusAds:125 - Set database path to: C:\Users\lahce\.stmcufinder\plugins\mcufinder//mcu/
2025-06-12 17:44:59,513 [WARN] DbFile:41 - Overriding database path with different value: C:\Users\lahce\.stmcufinder\plugins\mcufinder/ => C:\Users\lahce\.stmcufinder\plugins\mcufinder
2025-06-12 17:44:59,513 [WARN] DbFile:41 - Overriding database path with different value: C:\Users\lahce\.stmcufinder\plugins\mcufinder/ => C:\Users\lahce\.stmcufinder\plugins\mcufinder
2025-06-12 17:44:59,513 [INFO] CrossReferenceDbSqlite:203 - Set database path to: C:\Users\lahce\.stmcufinder\plugins\mcufinder//mcu/cs/
2025-06-12 17:44:59,748 [INFO] MainPanel:272 - HeapMemory: 268435456
2025-06-12 17:45:00,119 [INFO] DbMcusXml:78 - Set database path to: C:\ST\STM32CubeIDE_1.17.0\STM32CubeIDE\plugins\com.st.stm32cube.common.mx_6.13.0.202411220809\\db\/mcu/
2025-06-12 17:45:00,120 [INFO] ApiDb:274 - Set plugin database path to: C:\ST\STM32CubeIDE_1.17.0\STM32CubeIDE\plugins\com.st.stm32cube.common.mx_6.13.0.202411220809\\db\/plugins/boardmanager/
2025-06-12 17:45:00,120 [INFO] ApiDb:261 - Set plugin images path to: C:\ST\STM32CubeIDE_1.17.0\STM32CubeIDE\plugins\com.st.stm32cube.common.mx_6.13.0.202411220809\\db\/plugins/mcufinder/images/
2025-06-12 17:45:00,120 [WARN] DbFile:41 - Overriding database path with different value: C:\Users\lahce\.stmcufinder\plugins\mcufinder/ => C:\Users\lahce\.stmcufinder\plugins\mcufinder
2025-06-12 17:45:00,121 [INFO] ApiDb:250 - Set database path to: C:\Users\lahce\.stmcufinder\plugins\mcufinder//mcu/
2025-06-12 17:45:00,121 [WARN] DbFile:41 - Overriding database path with different value: C:\Users\lahce\.stmcufinder\plugins\mcufinder/ => C:\Users\lahce\.stmcufinder\plugins\mcufinder
2025-06-12 17:45:00,121 [INFO] DbMcusAds:125 - Set database path to: C:\Users\lahce\.stmcufinder\plugins\mcufinder//mcu/
2025-06-12 17:45:00,122 [WARN] DbFile:41 - Overriding database path with different value: C:\Users\lahce\.stmcufinder\plugins\mcufinder/ => C:\Users\lahce\.stmcufinder\plugins\mcufinder
2025-06-12 17:45:00,122 [WARN] DbFile:41 - Overriding database path with different value: C:\Users\lahce\.stmcufinder\plugins\mcufinder/ => C:\Users\lahce\.stmcufinder\plugins\mcufinder
2025-06-12 17:45:00,122 [INFO] CrossReferenceDbSqlite:203 - Set database path to: C:\Users\lahce\.stmcufinder\plugins\mcufinder//mcu/cs/
2025-06-12 17:45:00,173 [INFO] ApplicationProperties:184 - Using Application install path: C:\ST\STM32CubeIDE_1.17.0\STM32CubeIDE\plugins\com.st.stm32cube.common.mx_6.13.0.202411220809
2025-06-12 17:45:00,178 [INFO] PluginManage:196 - Search for loadable plugins [exclusion list=, ]
2025-06-12 17:45:00,183 [INFO] PluginManage:310 - Check plugin analytics
2025-06-12 17:45:00,844 [INFO] AnalyticsPlugin:253 - Accepted Software Licenses: 
2025-06-12 17:45:00,845 [INFO] AnalyticsPlugin:255 - Accepted CMSIS Pack Licenses: 
2025-06-12 17:45:00,845 [INFO] AnalyticsPlugin:257 - Accepted Firmware Licenses: FW.L4.1.18.0
2025-06-12 17:45:00,862 [INFO] PluginManage:359 - Loaded plugin analytics (category:tool,tabindex:-1)
2025-06-12 17:45:00,864 [INFO] PluginManage:310 - Check plugin cadmodel
2025-06-12 17:45:00,887 [INFO] CADModel:105 - Init CAD model plugin
2025-06-12 17:45:00,889 [INFO] PluginManage:359 - Loaded plugin cadmodel (category:power,tabindex:5)
2025-06-12 17:45:00,891 [INFO] PluginManage:310 - Check plugin clock
2025-06-12 17:45:00,947 [INFO] PluginManage:359 - Loaded plugin clock (category:base,tabindex:2)
2025-06-12 17:45:00,948 [INFO] PluginManage:310 - Check plugin ddr
2025-06-12 17:45:00,957 [INFO] PluginManage:359 - Loaded plugin ddr (category:tool,tabindex:6)
2025-06-12 17:45:00,959 [INFO] PluginManage:310 - Check plugin filemanager
2025-06-12 17:45:01,602 [INFO] PluginManage:359 - Loaded plugin filemanager (category:base,tabindex:10)
2025-06-12 17:45:01,604 [INFO] PluginManage:310 - Check plugin ipmanager
2025-06-12 17:45:01,636 [INFO] PluginManage:359 - Loaded plugin ipmanager (category:base,tabindex:5)
2025-06-12 17:45:01,636 [INFO] PluginManage:310 - Check plugin lpbam
2025-06-12 17:45:01,663 [INFO] PluginManage:359 - Loaded plugin lpbam (category:base,tabindex:0)
2025-06-12 17:45:01,664 [INFO] PluginManage:310 - Check plugin memorymap
2025-06-12 17:45:01,701 [INFO] PluginManage:359 - Loaded plugin memorymap (category:base,tabindex:4)
2025-06-12 17:45:01,701 [INFO] PluginManage:310 - Check plugin pinoutandconfiguration
2025-06-12 17:45:01,719 [INFO] PluginManage:359 - Loaded plugin pinoutandconfiguration (category:base,tabindex:1)
2025-06-12 17:45:01,720 [INFO] PluginManage:310 - Check plugin pinoutconfig
2025-06-12 17:45:02,026 [WARN] SupportedApi:132 - Cannot load RTOS API schema: s4s-elt-must-match.1: The content of 'definitions' must match (annotation?, (simpleType | complexType)?, (unique | key | keyref)*)). A problem was found starting at: attribute.
2025-06-12 17:45:02,465 [INFO] PluginManage:359 - Loaded plugin pinoutconfig (category:base,tabindex:0)
2025-06-12 17:45:02,466 [INFO] PluginManage:310 - Check plugin power
2025-06-12 17:45:02,492 [INFO] PluginManage:359 - Loaded plugin power (category:power,tabindex:4)
2025-06-12 17:45:02,492 [INFO] PluginManage:310 - Check plugin projectmanager
2025-06-12 17:45:02,547 [INFO] PluginManage:359 - Loaded plugin projectmanager (category:projectmanager,tabindex:4)
2025-06-12 17:45:02,547 [INFO] PluginManage:310 - Check plugin rif
2025-06-12 17:45:02,567 [INFO] PluginManage:359 - Loaded plugin rif (category:base,tabindex:3)
2025-06-12 17:45:02,568 [INFO] PluginManage:310 - Check plugin thirdparty
2025-06-12 17:45:03,004 [INFO] PluginManage:359 - Loaded plugin thirdparty (category:base,tabindex:-1)
2025-06-12 17:45:03,003 [WARN] IntegrityCheckThread:84 - waiting for thirdparty lock release [integrity check]
2025-06-12 17:45:03,004 [INFO] PluginManage:310 - Check plugin tools
2025-06-12 17:45:03,005 [INFO] IntegrityCheckThread:86 - entering critical section [integrity check]
2025-06-12 17:45:03,006 [INFO] ThirdPartyUpdaterWithRetryManager:70 - Updater plugin not ready yet. [1/15]
2025-06-12 17:45:03,017 [INFO] PluginManage:359 - Loaded plugin tools (category:base,tabindex:7)
2025-06-12 17:45:03,017 [INFO] PluginManage:310 - Check plugin tutovideos
2025-06-12 17:45:03,506 [INFO] PluginManage:359 - Loaded plugin tutovideos (category:base,tabindex:-1)
2025-06-12 17:45:03,506 [INFO] PluginManage:310 - Check plugin updater
2025-06-12 17:45:03,561 [INFO] PluginManage:359 - Loaded plugin updater (category:base,tabindex:12)
2025-06-12 17:45:03,561 [INFO] PluginManage:310 - Check plugin userauth
2025-06-12 17:45:03,575 [INFO] UserAuth:118 - Init User Auth plugin
2025-06-12 17:45:03,578 [INFO] PluginManage:359 - Loaded plugin userauth (category:base,tabindex:14)
2025-06-12 17:45:03,579 [INFO] PluginManage:283 - PluginManage : Loaded plugins [18]
2025-06-12 17:45:04,321 [INFO] PinOutPanel:1589 - setPackage(No Configuration,No Configuration)
2025-06-12 17:45:04,602 [INFO] CADModel:165 - CPN selected for project level
2025-06-12 17:45:04,603 [INFO] CADModel:114 - Register for checkConnection events
2025-06-12 17:45:04,643 [INFO] IPUIPlugin:80 - create IPUIPlugin
2025-06-12 17:45:04,644 [INFO] PluginManager:220 - loadIPPluginJar : add adc
2025-06-12 17:45:04,653 [INFO] IPUIPlugin:80 - create IPUIPlugin
2025-06-12 17:45:04,654 [INFO] PluginManager:220 - loadIPPluginJar : add aes
2025-06-12 17:45:04,661 [INFO] IPUIPlugin:80 - create IPUIPlugin
2025-06-12 17:45:04,662 [INFO] PluginManager:220 - loadIPPluginJar : add can
2025-06-12 17:45:04,667 [INFO] IPUIPlugin:80 - create IPUIPlugin
2025-06-12 17:45:04,667 [INFO] PluginManager:220 - loadIPPluginJar : add comp
2025-06-12 17:45:04,676 [INFO] IPUIPlugin:80 - create IPUIPlugin
2025-06-12 17:45:04,676 [INFO] PluginManager:220 - loadIPPluginJar : add cryp
2025-06-12 17:45:04,685 [INFO] IPUIPlugin:80 - create IPUIPlugin
2025-06-12 17:45:04,685 [INFO] PluginManager:220 - loadIPPluginJar : add ddr_ctrl_phy
2025-06-12 17:45:04,694 [INFO] IPUIPlugin:80 - create IPUIPlugin
2025-06-12 17:45:04,695 [INFO] PluginManager:220 - loadIPPluginJar : add dfsdm
2025-06-12 17:45:04,713 [INFO] IPUIPlugin:80 - create IPUIPlugin
2025-06-12 17:45:04,715 [INFO] PluginManager:220 - loadIPPluginJar : add dma
2025-06-12 17:45:04,725 [INFO] IPUIPlugin:80 - create IPUIPlugin
2025-06-12 17:45:04,726 [INFO] PluginManager:220 - loadIPPluginJar : add dma3
2025-06-12 17:45:04,734 [INFO] IPUIPlugin:80 - create IPUIPlugin
2025-06-12 17:45:04,735 [INFO] PluginManager:220 - loadIPPluginJar : add extmemmanager
2025-06-12 17:45:04,740 [INFO] IPUIPlugin:80 - create IPUIPlugin
2025-06-12 17:45:04,740 [INFO] PluginManager:220 - loadIPPluginJar : add fatfs
2025-06-12 17:45:04,754 [INFO] IPUIPlugin:80 - create IPUIPlugin
2025-06-12 17:45:04,754 [INFO] PluginManager:220 - loadIPPluginJar : add fmc
2025-06-12 17:45:04,771 [INFO] IPUIPlugin:80 - create IPUIPlugin
2025-06-12 17:45:04,772 [INFO] PluginManager:220 - loadIPPluginJar : add freertos
2025-06-12 17:45:04,776 [INFO] IPUIPlugin:80 - create IPUIPlugin
2025-06-12 17:45:04,776 [INFO] PluginManager:220 - loadIPPluginJar : add genericplugin
2025-06-12 17:45:04,783 [INFO] IPUIPlugin:80 - create IPUIPlugin
2025-06-12 17:45:04,783 [INFO] PluginManager:220 - loadIPPluginJar : add gfxmmu
2025-06-12 17:45:04,797 [INFO] IPUIPlugin:80 - create IPUIPlugin
2025-06-12 17:45:04,798 [INFO] PluginManager:220 - loadIPPluginJar : add gic
2025-06-12 17:45:04,808 [INFO] IPUIPlugin:80 - create IPUIPlugin
2025-06-12 17:45:04,809 [INFO] PluginManager:220 - loadIPPluginJar : add gpio
2025-06-12 17:45:04,818 [INFO] IPUIPlugin:80 - create IPUIPlugin
2025-06-12 17:45:04,819 [INFO] PluginManager:220 - loadIPPluginJar : add gtzc
2025-06-12 17:45:04,827 [INFO] IPUIPlugin:80 - create IPUIPlugin
2025-06-12 17:45:04,827 [INFO] PluginManager:220 - loadIPPluginJar : add hash
2025-06-12 17:45:04,836 [INFO] IPUIPlugin:80 - create IPUIPlugin
2025-06-12 17:45:04,836 [INFO] PluginManager:220 - loadIPPluginJar : add i2c
2025-06-12 17:45:04,842 [INFO] IPUIPlugin:80 - create IPUIPlugin
2025-06-12 17:45:04,843 [INFO] PluginManager:220 - loadIPPluginJar : add i2s
2025-06-12 17:45:04,854 [INFO] IPUIPlugin:80 - create IPUIPlugin
2025-06-12 17:45:04,855 [INFO] PluginManager:220 - loadIPPluginJar : add i3c
2025-06-12 17:45:04,865 [INFO] IPUIPlugin:80 - create IPUIPlugin
2025-06-12 17:45:04,866 [INFO] PluginManager:220 - loadIPPluginJar : add ipddr
2025-06-12 17:45:04,880 [INFO] IPUIPlugin:80 - create IPUIPlugin
2025-06-12 17:45:04,881 [INFO] PluginManager:220 - loadIPPluginJar : add linkedlist
2025-06-12 17:45:04,889 [INFO] IPUIPlugin:80 - create IPUIPlugin
2025-06-12 17:45:04,890 [INFO] PluginManager:220 - loadIPPluginJar : add lorawan
2025-06-12 17:45:04,894 [INFO] IPUIPlugin:80 - create IPUIPlugin
2025-06-12 17:45:04,894 [INFO] PluginManager:220 - loadIPPluginJar : add ltdc
2025-06-12 17:45:04,907 [INFO] IPUIPlugin:80 - create IPUIPlugin
2025-06-12 17:45:04,908 [INFO] PluginManager:220 - loadIPPluginJar : add mdma
2025-06-12 17:45:04,917 [INFO] IPUIPlugin:80 - create IPUIPlugin
2025-06-12 17:45:04,918 [INFO] PluginManager:220 - loadIPPluginJar : add nvic
2025-06-12 17:45:04,927 [INFO] IPUIPlugin:80 - create IPUIPlugin
2025-06-12 17:45:04,927 [INFO] PluginManager:220 - loadIPPluginJar : add opamp
2025-06-12 17:45:04,938 [INFO] IPUIPlugin:80 - create IPUIPlugin
2025-06-12 17:45:04,939 [INFO] PluginManager:220 - loadIPPluginJar : add openamp
2025-06-12 17:45:04,950 [INFO] IPUIPlugin:80 - create IPUIPlugin
2025-06-12 17:45:04,950 [INFO] PluginManager:220 - loadIPPluginJar : add pdm2pcm
2025-06-12 17:45:04,968 [INFO] IPUIPlugin:80 - create IPUIPlugin
2025-06-12 17:45:04,974 [INFO] PluginManager:220 - loadIPPluginJar : add plateformsettings
2025-06-12 17:45:04,980 [INFO] IPUIPlugin:80 - create IPUIPlugin
2025-06-12 17:45:04,981 [INFO] PluginManager:220 - loadIPPluginJar : add quadspi
2025-06-12 17:45:04,987 [INFO] IPUIPlugin:80 - create IPUIPlugin
2025-06-12 17:45:04,989 [INFO] PluginManager:220 - loadIPPluginJar : add radio
2025-06-12 17:45:04,998 [INFO] IPUIPlugin:80 - create IPUIPlugin
2025-06-12 17:45:04,999 [INFO] PluginManager:220 - loadIPPluginJar : add resmgrutility
2025-06-12 17:45:05,007 [INFO] IPUIPlugin:80 - create IPUIPlugin
2025-06-12 17:45:05,007 [INFO] PluginManager:220 - loadIPPluginJar : add sai
2025-06-12 17:45:05,016 [INFO] IPUIPlugin:80 - create IPUIPlugin
2025-06-12 17:45:05,017 [INFO] PluginManager:220 - loadIPPluginJar : add spi
2025-06-12 17:45:05,031 [INFO] IPUIPlugin:80 - create IPUIPlugin
2025-06-12 17:45:05,032 [INFO] PluginManager:220 - loadIPPluginJar : add stm32_wpan
2025-06-12 17:45:05,038 [INFO] IPUIPlugin:80 - create IPUIPlugin
2025-06-12 17:45:05,039 [INFO] PluginManager:220 - loadIPPluginJar : add tim
2025-06-12 17:45:05,048 [INFO] IPUIPlugin:80 - create IPUIPlugin
2025-06-12 17:45:05,049 [INFO] PluginManager:220 - loadIPPluginJar : add touchsensing
2025-06-12 17:45:05,054 [INFO] IPUIPlugin:80 - create IPUIPlugin
2025-06-12 17:45:05,055 [INFO] PluginManager:220 - loadIPPluginJar : add tracer_emb
2025-06-12 17:45:05,059 [INFO] IPUIPlugin:80 - create IPUIPlugin
2025-06-12 17:45:05,060 [INFO] PluginManager:220 - loadIPPluginJar : add ts
2025-06-12 17:45:05,066 [INFO] IPUIPlugin:80 - create IPUIPlugin
2025-06-12 17:45:05,067 [INFO] PluginManager:220 - loadIPPluginJar : add tsc
2025-06-12 17:45:05,073 [INFO] IPUIPlugin:80 - create IPUIPlugin
2025-06-12 17:45:05,074 [INFO] PluginManager:220 - loadIPPluginJar : add ucpd
2025-06-12 17:45:05,085 [INFO] IPUIPlugin:80 - create IPUIPlugin
2025-06-12 17:45:05,085 [INFO] PluginManager:220 - loadIPPluginJar : add usart
2025-06-12 17:45:05,094 [INFO] IPUIPlugin:80 - create IPUIPlugin
2025-06-12 17:45:05,094 [INFO] PluginManager:220 - loadIPPluginJar : add usbx
2025-06-12 17:45:05,358 [FATAL] Updater:351 - Updater called before beeing initialized
2025-06-12 17:45:05,474 [INFO] RulesReader:64 - Compatibility file has been processed (297 Rules)
2025-06-12 17:45:05,527 [INFO] RulesReader:64 - Compatibility file has been processed (297 Rules)
2025-06-12 17:45:05,551 [INFO] CADModel:165 - CPN selected for project level
2025-06-12 17:45:05,552 [INFO] CADModel:114 - Register for checkConnection events
2025-06-12 17:45:05,552 [FATAL] Updater:351 - Updater called before beeing initialized
2025-06-12 17:45:05,553 [ERROR] CADModel:125 - Updater not yet initialized, retry later 
2025-06-12 17:45:06,009 [INFO] ThirdPartyUpdaterWithRetryManager:70 - Updater plugin not ready yet. [2/15]
2025-06-12 17:45:06,069 [FATAL] Updater:351 - Updater called before beeing initialized
2025-06-12 17:45:06,076 [INFO] CADModel:165 - CPN selected for project level
2025-06-12 17:45:06,077 [INFO] CADModel:114 - Register for checkConnection events
2025-06-12 17:45:06,077 [FATAL] Updater:351 - Updater called before beeing initialized
2025-06-12 17:45:06,077 [ERROR] CADModel:125 - Updater not yet initialized, retry later 
2025-06-12 17:45:06,085 [FATAL] Updater:351 - Updater called before beeing initialized
2025-06-12 17:45:06,463 [FATAL] Updater:351 - Updater called before beeing initialized
2025-06-12 17:45:06,478 [INFO] DbMcusAds:53 - JSON generation date=Wed May 07 11:07:55 CEST 2025 (1746608875484)
2025-06-12 17:45:06,478 [FATAL] Updater:351 - Updater called before beeing initialized
2025-06-12 17:45:06,596 [WARN] DetailPanel:346 - Failed to get advertising image, set to default
2025-06-12 17:45:07,374 [FATAL] Updater:351 - Updater called before beeing initialized
2025-06-12 17:45:07,379 [FATAL] Updater:351 - Updater called before beeing initialized
2025-06-12 17:45:07,380 [FATAL] Updater:351 - Updater called before beeing initialized
2025-06-12 17:45:07,380 [WARN] DetailPanel:346 - Failed to get advertising image, set to default
2025-06-12 17:45:07,382 [FATAL] Updater:351 - Updater called before beeing initialized
2025-06-12 17:45:07,543 [ERROR] Updater:1198 - MainUpdater not yet initialized. External WinMGr cannot be set.
2025-06-12 17:45:07,549 [INFO] Updater:1134 - Updater Version found : 6.13.0
2025-06-12 17:45:07,588 [INFO] ApplicationProperties:184 - Using Application install path: C:\ST\STM32CubeIDE_1.17.0\STM32CubeIDE\plugins\com.st.stm32cube.common.mx_6.13.0.202411220809
2025-06-12 17:45:09,009 [FATAL] Updater:351 - Updater called before beeing initialized
2025-06-12 17:45:09,010 [ERROR] IntegrityCheckThread:130 - Cannot retrieve database content from updater: error 21
2025-06-12 17:45:09,011 [INFO] ThirdParty:978 - Integrity check success = false
2025-06-12 17:45:09,011 [INFO] IntegrityCheckThread:100 - exiting critical section [integrity check]
2025-06-12 17:45:09,011 [INFO] IntegrityCheckThread:103 - End integrity checks thread
2025-06-12 17:45:09,192 [ERROR] LogOutputStream:75 - [STDERR_REDIRECT] Jun 12, 2025 5:45:09 PM java.util.prefs.WindowsPreferences <init>
2025-06-12 17:45:09,198 [ERROR] LogOutputStream:75 - [STDERR_REDIRECT] WARNING: Could not open/create prefs root node Software\JavaSoft\Prefs at root 0xffffffff80000002. Windows RegCreateKeyEx(...) returned error code 5.
2025-06-12 17:45:09,198 [ERROR] LogOutputStream:75 - [STDERR_REDIRECT] 
2025-06-12 17:45:10,117 [INFO] MainUpdater:2872 - connection check result : 10
2025-06-12 17:45:10,119 [INFO] MainUpdater:289 - Updater Check For Update Now.
2025-06-12 17:45:10,120 [INFO] MicroXplorer:498 - Change Database Version : DB.6.0.130
2025-06-12 17:45:10,142 [INFO] McuFinderGlobals:63 - Set McuFinder mode to 2 (CubeIDE integrated)
2025-06-12 17:45:10,147 [INFO] UserAuth:486 - Internet connection configuration mode: 1
2025-06-12 17:45:10,207 [INFO] JxBrowserEngine:152 - Initiate JxBrowser Engine with user profile folder
2025-06-12 17:45:10,576 [INFO] CheckServerUpdateThread:120 - End of CheckServer Thread
2025-06-12 17:45:12,506 [INFO] WebApp:168 - Instantiating new browser for Auth
2025-06-12 17:45:14,684 [INFO] WebApp:449 - Apply proxy settings
2025-06-12 17:45:14,685 [INFO] WebApp:534 - Chromium requires no authentication
2025-06-12 17:45:14,721 [INFO] WebApp:477 - Direct internet connection detected
2025-06-12 17:45:14,808 [INFO] WebApp:880 - Register for checkConnection events
2025-06-12 17:45:14,809 [INFO] WebApp:449 - Apply proxy settings
2025-06-12 17:45:14,809 [INFO] WebApp:534 - Chromium requires no authentication
2025-06-12 17:45:14,811 [INFO] WebApp:477 - Direct internet connection detected
2025-06-12 17:45:15,137 [INFO] WebApp:187 - Connection restablished
2025-06-12 17:45:15,531 [INFO] WebApp:221 - Starting web application
2025-06-12 17:45:15,531 [INFO] WebApp:579 - Web application path used C:\ST\STM32CubeIDE_1.17.0\STM32CubeIDE\plugins\com.st.stm32cube.common.mx_6.13.0.202411220809\db\plugins\mcufinder\reactClient1\index.html
2025-06-12 17:45:15,810 [INFO] UserAuth:486 - Internet connection configuration mode: 1
2025-06-12 17:49:11,430 [ERROR] AdobePublisher:162 - Exception while opening the connection: java.net.UnknownHostException: stmicroelectronics.d3.sc.omtrdc.net
2025-06-12 17:49:11,432 [ERROR] AdobePublisher:162 - Exception while opening the connection: java.net.UnknownHostException: stmicroelectronics.d3.sc.omtrdc.net
2025-06-12 17:49:11,433 [ERROR] AdobePublisher:162 - Exception while opening the connection: java.net.UnknownHostException: stmicroelectronics.d3.sc.omtrdc.net
2025-06-12 17:49:11,434 [ERROR] AdobePublisher:162 - Exception while opening the connection: java.net.UnknownHostException: stmicroelectronics.d3.sc.omtrdc.net
2025-06-12 17:49:11,435 [ERROR] AdobePublisher:162 - Exception while opening the connection: java.net.UnknownHostException: stmicroelectronics.d3.sc.omtrdc.net
2025-06-12 17:49:11,519 [ERROR] AdobePublisher:162 - Exception while opening the connection: java.net.UnknownHostException: stmicroelectronics.d3.sc.omtrdc.net
2025-06-12 17:49:11,520 [ERROR] AdobePublisher:162 - Exception while opening the connection: java.net.UnknownHostException: stmicroelectronics.d3.sc.omtrdc.net
2025-06-12 17:49:11,521 [ERROR] AdobePublisher:162 - Exception while opening the connection: java.net.UnknownHostException: stmicroelectronics.d3.sc.omtrdc.net
2025-06-12 17:49:11,522 [ERROR] AdobePublisher:162 - Exception while opening the connection: java.net.UnknownHostException: stmicroelectronics.d3.sc.omtrdc.net
2025-06-12 17:49:11,522 [ERROR] AdobePublisher:162 - Exception while opening the connection: java.net.UnknownHostException: stmicroelectronics.d3.sc.omtrdc.net
